<?xml version="1.0" encoding="UTF-8"?>
<!-- Generated by org.testng.reporters.JUnitXMLReporter -->
<testsuite ignored="1" hostname="DELL" failures="1" tests="6" name="Test" time="55.253" errors="0" timestamp="2020-11-07T16:43:45 IST">
  <testcase classname="testFiles.TestHomePage" name="search" time="12.025"/>
  <testcase classname="testFiles.TestShopPage" name="Bags" time="26.601"/>
  <testcase classname="testFiles.TestHomePage" name="men" time="20.504"/>
  <testcase classname="testFiles.TestShopPage" name="cart" time="12.352">
    <failure type="junit.framework.ComparisonFailure" message="expected:&amp;lt;Let&amp;apos;s add on...&amp;gt; but was:&amp;lt;There is nothing in your bag. Let&amp;apos;s add som...&amp;gt;">
      <![CDATA[junit.framework.ComparisonFailure: expected:<Let's add on...> but was:<There is nothing in your bag. Let's add som...>
at junit.framework.Assert.assertEquals(Assert.java:81)
at junit.framework.Assert.assertEquals(Assert.java:87)
at testFiles.TestShopPage.cart(TestShopPage.java:108)
at java.base/java.util.concurrent.ThreadPoolExecutor.runWorker(ThreadPoolExecutor.java:1128)
at java.base/java.util.concurrent.ThreadPoolExecutor$Worker.run(ThreadPoolExecutor.java:628)
at java.base/java.lang.Thread.run(Thread.java:830)
... Removed 12 stack frames]]>
    </failure>
  </testcase> <!-- cart -->
  <testcase classname="testFiles.TestHomePage" name="women" time="5.846"/>
  <testcase classname="testFiles.TestHomePage" name="login" time="5.378"/>
  <testcase classname="testFiles.TestShopPage" name="menTshirt" time="0.0">
    <ignored/>
  </testcase> <!-- menTshirt -->
</testsuite> <!-- Test -->
