<?xml version="1.0" encoding="UTF-8"?>
<testng-results ignored="1" total="7" passed="5" failed="1" skipped="0">
  <reporter-output>
  </reporter-output>
  <suite started-at="2020-11-07T16:42:49 IST" name="Suite" finished-at="2020-11-07T16:43:44 IST" duration-ms="55253">
    <groups>
    </groups>
    <test started-at="2020-11-07T16:42:49 IST" name="Test" finished-at="2020-11-07T16:43:44 IST" duration-ms="55253">
      <class name="testFiles.TestShopPage">
        <test-method is-config="true" signature="navigate()[pri:0, instance:testFiles.TestShopPage@3700ec9c]" started-at="2020-11-07T16:42:49 IST" name="navigate" finished-at="2020-11-07T16:42:55 IST" duration-ms="5779" status="PASS">
          <reporter-output>
          </reporter-output>
        </test-method> <!-- navigate -->
        <test-method signature="Bags()[pri:2, instance:testFiles.TestShopPage@3700ec9c]" started-at="2020-11-07T16:42:55 IST" name="Bags" finished-at="2020-11-07T16:43:22 IST" duration-ms="26601" status="PASS">
          <reporter-output>
          </reporter-output>
        </test-method> <!-- Bags -->
        <test-method signature="cart()[pri:3, instance:testFiles.TestShopPage@3700ec9c]" started-at="2020-11-07T16:43:22 IST" name="cart" finished-at="2020-11-07T16:43:34 IST" duration-ms="12352" status="FAIL">
          <exception class="junit.framework.ComparisonFailure">
            <message>
              <![CDATA[expected:<Let's add on...> but was:<There is nothing in your bag. Let's add som...>]]>
            </message>
            <full-stacktrace>
              <![CDATA[junit.framework.ComparisonFailure: expected:<Let's add on...> but was:<There is nothing in your bag. Let's add som...>
at junit.framework.Assert.assertEquals(Assert.java:81)
at junit.framework.Assert.assertEquals(Assert.java:87)
at testFiles.TestShopPage.cart(TestShopPage.java:108)
at java.base/jdk.internal.reflect.NativeMethodAccessorImpl.invoke0(Native Method)
at java.base/jdk.internal.reflect.NativeMethodAccessorImpl.invoke(NativeMethodAccessorImpl.java:62)
at java.base/jdk.internal.reflect.DelegatingMethodAccessorImpl.invoke(DelegatingMethodAccessorImpl.java:43)
at java.base/java.lang.reflect.Method.invoke(Method.java:567)
at org.testng.internal.MethodInvocationHelper.invokeMethod(MethodInvocationHelper.java:132)
at org.testng.internal.TestInvoker.invokeMethod(TestInvoker.java:599)
at org.testng.internal.TestInvoker.invokeTestMethod(TestInvoker.java:174)
at org.testng.internal.MethodRunner.runInSequence(MethodRunner.java:46)
at org.testng.internal.TestInvoker$MethodInvocationAgent.invoke(TestInvoker.java:822)
at org.testng.internal.TestInvoker.invokeTestMethods(TestInvoker.java:147)
at org.testng.internal.TestMethodWorker.invokeTestMethods(TestMethodWorker.java:146)
at org.testng.internal.TestMethodWorker.run(TestMethodWorker.java:128)
at java.base/java.util.concurrent.ThreadPoolExecutor.runWorker(ThreadPoolExecutor.java:1128)
at java.base/java.util.concurrent.ThreadPoolExecutor$Worker.run(ThreadPoolExecutor.java:628)
at java.base/java.lang.Thread.run(Thread.java:830)
]]>
            </full-stacktrace>
          </exception> <!-- junit.framework.ComparisonFailure -->
          <reporter-output>
          </reporter-output>
        </test-method> <!-- cart -->
        <test-method is-config="true" signature="quit()[pri:0, instance:testFiles.TestShopPage@3700ec9c]" started-at="2020-11-07T16:43:46 IST" name="quit" finished-at="2020-11-07T16:43:47 IST" duration-ms="1076" status="PASS">
          <reporter-output>
          </reporter-output>
        </test-method> <!-- quit -->
      </class> <!-- testFiles.TestShopPage -->
      <class name="testFiles.TestHomePage">
        <test-method is-config="true" signature="openSite()[pri:0, instance:testFiles.TestHomePage@2002348]" started-at="2020-11-07T16:42:55 IST" name="openSite" finished-at="2020-11-07T16:42:59 IST" duration-ms="4222" status="PASS">
          <reporter-output>
          </reporter-output>
        </test-method> <!-- openSite -->
        <test-method signature="search()[pri:1, instance:testFiles.TestHomePage@2002348]" started-at="2020-11-07T16:42:59 IST" name="search" finished-at="2020-11-07T16:43:11 IST" duration-ms="12025" status="PASS">
          <reporter-output>
          </reporter-output>
        </test-method> <!-- search -->
        <test-method signature="men()[pri:2, instance:testFiles.TestHomePage@2002348]" started-at="2020-11-07T16:43:11 IST" name="men" finished-at="2020-11-07T16:43:32 IST" duration-ms="20504" status="PASS">
          <reporter-output>
          </reporter-output>
        </test-method> <!-- men -->
        <test-method signature="women()[pri:3, instance:testFiles.TestHomePage@2002348]" started-at="2020-11-07T16:43:32 IST" name="women" finished-at="2020-11-07T16:43:38 IST" duration-ms="5846" status="PASS">
          <reporter-output>
          </reporter-output>
        </test-method> <!-- women -->
        <test-method signature="login()[pri:4, instance:testFiles.TestHomePage@2002348]" started-at="2020-11-07T16:43:38 IST" name="login" finished-at="2020-11-07T16:43:43 IST" duration-ms="5378" status="PASS">
          <reporter-output>
          </reporter-output>
        </test-method> <!-- login -->
        <test-method is-config="true" signature="tearDown()[pri:0, instance:testFiles.TestHomePage@2002348]" started-at="2020-11-07T16:43:43 IST" name="tearDown" finished-at="2020-11-07T16:43:44 IST" duration-ms="1349" status="PASS">
          <reporter-output>
          </reporter-output>
        </test-method> <!-- tearDown -->
      </class> <!-- testFiles.TestHomePage -->
    </test> <!-- Test -->
  </suite> <!-- Suite -->
</testng-results>
