<?xml version="1.0" encoding="UTF-8"?>
<testsuite xmlns:xsi="http://www.w3.org/2001/XMLSchema-instance" xsi:noNamespaceSchemaLocation="https://maven.apache.org/surefire/maven-surefire-plugin/xsd/surefire-test-report-3.0.xsd" version="3.0" name="TestSuite" time="61.46" tests="6" errors="0" skipped="0" failures="1">
  <properties>
[...]
</properties>
  <testcase name="search" classname="testFiles.TestHomePage" time="12.073">
    <system-out><![CDATA[Shoes & Footwear
]]></system-out>
    <system-err><![CDATA[Starting ChromeDriver 85.0.4183.87 (cd6713ebf92fa1cacc0f1a598df280093af0c5d7-refs/branch-heads/4183@{#1689}) on port 37490
Only local connections are allowed.
Please see https://chromedriver.chromium.org/security-considerations for suggestions on keeping ChromeDriver safe.
ChromeDriver was started successfully.
[1604747573.020][WARNING]: This version of ChromeDriver has not been tested with Chrome version 86.
Nov 07, 2020 4:42:54 PM org.openqa.selenium.remote.ProtocolHandshake createSession
INFO: Detected dialect: W3C
Starting ChromeDriver 85.0.4183.87 (cd6713ebf92fa1cacc0f1a598df280093af0c5d7-refs/branch-heads/4183@{#1689}) on port 26129
Only local connections are allowed.
Please see https://chromedriver.chromium.org/security-considerations for suggestions on keeping ChromeDriver safe.
ChromeDriver was started successfully.
[1604747577.617][WARNING]: This version of ChromeDriver has not been tested with Chrome version 86.
Nov 07, 2020 4:42:58 PM org.openqa.selenium.remote.ProtocolHandshake createSession
INFO: Detected dialect: W3C
]]></system-err>
  </testcase>
  <testcase name="men" classname="testFiles.TestHomePage" time="10.17">
    <system-out><![CDATA[7,999
My Shopping Bag (1 Item)
0
]]></system-out>
  </testcase>
  <testcase name="women" classname="testFiles.TestHomePage" time="5.844"/>
  <testcase name="login" classname="testFiles.TestHomePage" time="5.378"/>
  <testcase name="Bags" classname="testFiles.TestShopPage" time="10.319"/>
  <testcase name="cart" classname="testFiles.TestShopPage" time="2.678">
    <failure message="expected:&lt;Let&apos;s add on...&gt; but was:&lt;There is nothing in your bag. Let&apos;s add som...&gt;" type="junit.framework.ComparisonFailure"><![CDATA[junit.framework.ComparisonFailure: expected:<Let's add on...> but was:<There is nothing in your bag. Let's add som...>
	at testFiles.TestShopPage.cart(TestShopPage.java:108)
]]></failure>
  </testcase>
</testsuite>